Analysis & Synthesis report for datapath
Wed Dec 04 12:07:33 2019
Quartus II 64-Bit Version 13.0.0 Build 156 04/24/2013 SJ Web Edition


---------------------
; Table of Contents ;
---------------------
  1. Legal Notice
  2. Analysis & Synthesis Summary
  3. Analysis & Synthesis Settings
  4. Parallel Compilation
  5. Analysis & Synthesis Source Files Read
  6. Analysis & Synthesis Resource Usage Summary
  7. Analysis & Synthesis Resource Utilization by Entity
  8. Analysis & Synthesis RAM Summary
  9. Analysis & Synthesis IP Cores Summary
 10. User-Specified and Inferred Latches
 11. Registers Removed During Synthesis
 12. General Register Statistics
 13. Multiplexer Restructuring Statistics (Restructuring Performed)
 14. Source assignments for memdados:MemData|altsyncram:altsyncram_component|altsyncram_r4a1:auto_generated
 15. Source assignments for memprog:MemPro|altsyncram:altsyncram_component|altsyncram_kj81:auto_generated
 16. Parameter Settings for User Entity Instance: memdados:MemData|altsyncram:altsyncram_component
 17. Parameter Settings for User Entity Instance: memprog:MemPro|altsyncram:altsyncram_component
 18. altsyncram Parameter Settings by Entity Instance
 19. Port Connectivity Checks: "alu:ALU1|som_sub_sig:sub_sig"
 20. Port Connectivity Checks: "alu:ALU1|som_sub_sig:som_sig"
 21. Port Connectivity Checks: "reg2:flag"
 22. Port Connectivity Checks: "reg8:RZreg"
 23. Port Connectivity Checks: "reg8:R2"
 24. Port Connectivity Checks: "reg8:R1"
 25. Port Connectivity Checks: "reg8:R3"
 26. Port Connectivity Checks: "reg8:RO2"
 27. Port Connectivity Checks: "reg8:RO1"
 28. Port Connectivity Checks: "reg8:RI2"
 29. Port Connectivity Checks: "reg8:RI1"
 30. Elapsed Time Per Partition
 31. Analysis & Synthesis Messages



----------------
; Legal Notice ;
----------------
Copyright (C) 1991-2013 Altera Corporation
Your use of Altera Corporation's design tools, logic functions 
and other software and tools, and its AMPP partner logic 
functions, and any output files from any of the foregoing 
(including device programming or simulation files), and any 
associated documentation or information are expressly subject 
to the terms and conditions of the Altera Program License 
Subscription Agreement, Altera MegaCore Function License 
Agreement, or other applicable license agreement, including, 
without limitation, that your use is for the sole purpose of 
programming logic devices manufactured by Altera and sold by 
Altera or its authorized distributors.  Please refer to the 
applicable agreement for further details.



+---------------------------------------------------------------------------------+
; Analysis & Synthesis Summary                                                    ;
+------------------------------------+--------------------------------------------+
; Analysis & Synthesis Status        ; Successful - Wed Dec 04 12:07:33 2019      ;
; Quartus II 64-Bit Version          ; 13.0.0 Build 156 04/24/2013 SJ Web Edition ;
; Revision Name                      ; datapath                                   ;
; Top-level Entity Name              ; datapath                                   ;
; Family                             ; Cyclone II                                 ;
; Total logic elements               ; 366                                        ;
;     Total combinational functions  ; 326                                        ;
;     Dedicated logic registers      ; 85                                         ;
; Total registers                    ; 85                                         ;
; Total pins                         ; 130                                        ;
; Total virtual pins                 ; 0                                          ;
; Total memory bits                  ; 34,816                                     ;
; Embedded Multiplier 9-bit elements ; 0                                          ;
; Total PLLs                         ; 0                                          ;
+------------------------------------+--------------------------------------------+


+----------------------------------------------------------------------------------------------------------------------+
; Analysis & Synthesis Settings                                                                                        ;
+----------------------------------------------------------------------------+--------------------+--------------------+
; Option                                                                     ; Setting            ; Default Value      ;
+----------------------------------------------------------------------------+--------------------+--------------------+
; Device                                                                     ; EP2C35F672C6       ;                    ;
; Top-level entity name                                                      ; datapath           ; datapath           ;
; Family name                                                                ; Cyclone II         ; Cyclone IV GX      ;
; Use smart compilation                                                      ; Off                ; Off                ;
; Enable parallel Assembler and TimeQuest Timing Analyzer during compilation ; On                 ; On                 ;
; Enable compact report table                                                ; Off                ; Off                ;
; Restructure Multiplexers                                                   ; Auto               ; Auto               ;
; Create Debugging Nodes for IP Cores                                        ; Off                ; Off                ;
; Preserve fewer node names                                                  ; On                 ; On                 ;
; Disable OpenCore Plus hardware evaluation                                  ; Off                ; Off                ;
; Verilog Version                                                            ; Verilog_2001       ; Verilog_2001       ;
; VHDL Version                                                               ; VHDL_1993          ; VHDL_1993          ;
; State Machine Processing                                                   ; Auto               ; Auto               ;
; Safe State Machine                                                         ; Off                ; Off                ;
; Extract Verilog State Machines                                             ; On                 ; On                 ;
; Extract VHDL State Machines                                                ; On                 ; On                 ;
; Ignore Verilog initial constructs                                          ; Off                ; Off                ;
; Iteration limit for constant Verilog loops                                 ; 5000               ; 5000               ;
; Iteration limit for non-constant Verilog loops                             ; 250                ; 250                ;
; Add Pass-Through Logic to Inferred RAMs                                    ; On                 ; On                 ;
; Infer RAMs from Raw Logic                                                  ; On                 ; On                 ;
; Parallel Synthesis                                                         ; On                 ; On                 ;
; DSP Block Balancing                                                        ; Auto               ; Auto               ;
; NOT Gate Push-Back                                                         ; On                 ; On                 ;
; Power-Up Don't Care                                                        ; On                 ; On                 ;
; Remove Redundant Logic Cells                                               ; Off                ; Off                ;
; Remove Duplicate Registers                                                 ; On                 ; On                 ;
; Ignore CARRY Buffers                                                       ; Off                ; Off                ;
; Ignore CASCADE Buffers                                                     ; Off                ; Off                ;
; Ignore GLOBAL Buffers                                                      ; Off                ; Off                ;
; Ignore ROW GLOBAL Buffers                                                  ; Off                ; Off                ;
; Ignore LCELL Buffers                                                       ; Off                ; Off                ;
; Ignore SOFT Buffers                                                        ; On                 ; On                 ;
; Limit AHDL Integers to 32 Bits                                             ; Off                ; Off                ;
; Optimization Technique                                                     ; Balanced           ; Balanced           ;
; Carry Chain Length                                                         ; 70                 ; 70                 ;
; Auto Carry Chains                                                          ; On                 ; On                 ;
; Auto Open-Drain Pins                                                       ; On                 ; On                 ;
; Perform WYSIWYG Primitive Resynthesis                                      ; Off                ; Off                ;
; Auto ROM Replacement                                                       ; On                 ; On                 ;
; Auto RAM Replacement                                                       ; On                 ; On                 ;
; Auto Shift Register Replacement                                            ; Auto               ; Auto               ;
; Allow Shift Register Merging across Hierarchies                            ; Auto               ; Auto               ;
; Auto Clock Enable Replacement                                              ; On                 ; On                 ;
; Strict RAM Replacement                                                     ; Off                ; Off                ;
; Allow Synchronous Control Signals                                          ; On                 ; On                 ;
; Force Use of Synchronous Clear Signals                                     ; Off                ; Off                ;
; Auto RAM to Logic Cell Conversion                                          ; Off                ; Off                ;
; Auto Resource Sharing                                                      ; Off                ; Off                ;
; Allow Any RAM Size For Recognition                                         ; Off                ; Off                ;
; Allow Any ROM Size For Recognition                                         ; Off                ; Off                ;
; Allow Any Shift Register Size For Recognition                              ; Off                ; Off                ;
; Use LogicLock Constraints during Resource Balancing                        ; On                 ; On                 ;
; Ignore translate_off and synthesis_off directives                          ; Off                ; Off                ;
; Timing-Driven Synthesis                                                    ; Off                ; Off                ;
; Report Parameter Settings                                                  ; On                 ; On                 ;
; Report Source Assignments                                                  ; On                 ; On                 ;
; Report Connectivity Checks                                                 ; On                 ; On                 ;
; Ignore Maximum Fan-Out Assignments                                         ; Off                ; Off                ;
; Synchronization Register Chain Length                                      ; 2                  ; 2                  ;
; PowerPlay Power Optimization                                               ; Normal compilation ; Normal compilation ;
; HDL message level                                                          ; Level2             ; Level2             ;
; Suppress Register Optimization Related Messages                            ; Off                ; Off                ;
; Number of Removed Registers Reported in Synthesis Report                   ; 5000               ; 5000               ;
; Number of Swept Nodes Reported in Synthesis Report                         ; 5000               ; 5000               ;
; Number of Inverted Registers Reported in Synthesis Report                  ; 100                ; 100                ;
; Clock MUX Protection                                                       ; On                 ; On                 ;
; Auto Gated Clock Conversion                                                ; Off                ; Off                ;
; Block Design Naming                                                        ; Auto               ; Auto               ;
; SDC constraint protection                                                  ; Off                ; Off                ;
; Synthesis Effort                                                           ; Auto               ; Auto               ;
; Shift Register Replacement - Allow Asynchronous Clear Signal               ; On                 ; On                 ;
; Pre-Mapping Resynthesis Optimization                                       ; Off                ; Off                ;
; Analysis & Synthesis Message Level                                         ; Medium             ; Medium             ;
; Disable Register Merging Across Hierarchies                                ; Auto               ; Auto               ;
; Resource Aware Inference For Block RAM                                     ; On                 ; On                 ;
; Synthesis Seed                                                             ; 1                  ; 1                  ;
+----------------------------------------------------------------------------+--------------------+--------------------+


Parallel compilation was disabled, but you have multiple processors available. Enable parallel compilation to reduce compilation time.
+-------------------------------------+
; Parallel Compilation                ;
+----------------------------+--------+
; Processors                 ; Number ;
+----------------------------+--------+
; Number detected on machine ; 4      ;
; Maximum allowed            ; 1      ;
+----------------------------+--------+


+---------------------------------------------------------------------------------------------------------------------------------------------------------------------------------------------------+
; Analysis & Synthesis Source Files Read                                                                                                                                                            ;
+----------------------------------+-----------------+----------------------------------+-------------------------------------------------------------------------------------------------+---------+
; File Name with User-Entered Path ; Used in Netlist ; File Type                        ; File Name with Absolute Path                                                                    ; Library ;
+----------------------------------+-----------------+----------------------------------+-------------------------------------------------------------------------------------------------+---------+
; ../memProg/mif2.mif              ; yes             ; User Memory Initialization File  ; C:/altera/13.0/microProjeto/micro2.0/microProjeto3/microProjeto/memProg/mif2.mif                ;         ;
; ../mux4x1/mux4x1.vhd             ; yes             ; User VHDL File                   ; C:/altera/13.0/microProjeto/micro2.0/microProjeto3/microProjeto/mux4x1/mux4x1.vhd               ;         ;
; ../som_sub_sig/som_sub_sig.vhd   ; yes             ; User VHDL File                   ; C:/altera/13.0/microProjeto/micro2.0/microProjeto3/microProjeto/som_sub_sig/som_sub_sig.vhd     ;         ;
; ../alu/alu_components.vhd        ; yes             ; User VHDL File                   ; C:/altera/13.0/microProjeto/micro2.0/microProjeto3/microProjeto/alu/alu_components.vhd          ;         ;
; ../memdados.vhd                  ; yes             ; User Wizard-Generated File       ; C:/altera/13.0/microProjeto/micro2.0/microProjeto3/microProjeto/memdados.vhd                    ;         ;
; ../reg16/reg16.vhd               ; yes             ; User VHDL File                   ; C:/altera/13.0/microProjeto/micro2.0/microProjeto3/microProjeto/reg16/reg16.vhd                 ;         ;
; ../reg8/reg8.vhd                 ; yes             ; User VHDL File                   ; C:/altera/13.0/microProjeto/micro2.0/microProjeto3/microProjeto/reg8/reg8.vhd                   ;         ;
; ../reg2/reg2.vhd                 ; yes             ; User VHDL File                   ; C:/altera/13.0/microProjeto/micro2.0/microProjeto3/microProjeto/reg2/reg2.vhd                   ;         ;
; ../PC/PC.vhd                     ; yes             ; User VHDL File                   ; C:/altera/13.0/microProjeto/micro2.0/microProjeto3/microProjeto/PC/PC.vhd                       ;         ;
; ../memProg/memprog.vhd           ; yes             ; User Wizard-Generated File       ; C:/altera/13.0/microProjeto/micro2.0/microProjeto3/microProjeto/memProg/memprog.vhd             ;         ;
; ../compU8/compU8.vhd             ; yes             ; User VHDL File                   ; C:/altera/13.0/microProjeto/micro2.0/microProjeto3/microProjeto/compU8/compU8.vhd               ;         ;
; ../comp8/comp8.vhd               ; yes             ; User VHDL File                   ; C:/altera/13.0/microProjeto/micro2.0/microProjeto3/microProjeto/comp8/comp8.vhd                 ;         ;
; ../alu/alu.vhd                   ; yes             ; User VHDL File                   ; C:/altera/13.0/microProjeto/micro2.0/microProjeto3/microProjeto/alu/alu.vhd                     ;         ;
; datapath.vhd                     ; yes             ; User VHDL File                   ; C:/altera/13.0/microProjeto/micro2.0/microProjeto3/microProjeto/datapath/datapath.vhd           ;         ;
; DPComp.vhd                       ; yes             ; User VHDL File                   ; C:/altera/13.0/microProjeto/micro2.0/microProjeto3/microProjeto/datapath/DPComp.vhd             ;         ;
; altsyncram.tdf                   ; yes             ; Megafunction                     ; c:/altera/13.0/quartus/libraries/megafunctions/altsyncram.tdf                                   ;         ;
; stratix_ram_block.inc            ; yes             ; Megafunction                     ; c:/altera/13.0/quartus/libraries/megafunctions/stratix_ram_block.inc                            ;         ;
; lpm_mux.inc                      ; yes             ; Megafunction                     ; c:/altera/13.0/quartus/libraries/megafunctions/lpm_mux.inc                                      ;         ;
; lpm_decode.inc                   ; yes             ; Megafunction                     ; c:/altera/13.0/quartus/libraries/megafunctions/lpm_decode.inc                                   ;         ;
; aglobal130.inc                   ; yes             ; Megafunction                     ; c:/altera/13.0/quartus/libraries/megafunctions/aglobal130.inc                                   ;         ;
; a_rdenreg.inc                    ; yes             ; Megafunction                     ; c:/altera/13.0/quartus/libraries/megafunctions/a_rdenreg.inc                                    ;         ;
; altrom.inc                       ; yes             ; Megafunction                     ; c:/altera/13.0/quartus/libraries/megafunctions/altrom.inc                                       ;         ;
; altram.inc                       ; yes             ; Megafunction                     ; c:/altera/13.0/quartus/libraries/megafunctions/altram.inc                                       ;         ;
; altdpram.inc                     ; yes             ; Megafunction                     ; c:/altera/13.0/quartus/libraries/megafunctions/altdpram.inc                                     ;         ;
; db/altsyncram_r4a1.tdf           ; yes             ; Auto-Generated Megafunction      ; C:/altera/13.0/microProjeto/micro2.0/microProjeto3/microProjeto/datapath/db/altsyncram_r4a1.tdf ;         ;
; db/altsyncram_kj81.tdf           ; yes             ; Auto-Generated Megafunction      ; C:/altera/13.0/microProjeto/micro2.0/microProjeto3/microProjeto/datapath/db/altsyncram_kj81.tdf ;         ;
+----------------------------------+-----------------+----------------------------------+-------------------------------------------------------------------------------------------------+---------+


+-----------------------------------------------------+
; Analysis & Synthesis Resource Usage Summary         ;
+---------------------------------------------+-------+
; Resource                                    ; Usage ;
+---------------------------------------------+-------+
; Estimated Total logic elements              ; 366   ;
;                                             ;       ;
; Total combinational functions               ; 326   ;
; Logic element usage by number of LUT inputs ;       ;
;     -- 4 input functions                    ; 162   ;
;     -- 3 input functions                    ; 97    ;
;     -- <=2 input functions                  ; 67    ;
;                                             ;       ;
; Logic elements by mode                      ;       ;
;     -- normal mode                          ; 262   ;
;     -- arithmetic mode                      ; 64    ;
;                                             ;       ;
; Total registers                             ; 85    ;
;     -- Dedicated logic registers            ; 85    ;
;     -- I/O registers                        ; 0     ;
;                                             ;       ;
; I/O pins                                    ; 130   ;
; Total memory bits                           ; 34816 ;
; Embedded Multiplier 9-bit elements          ; 0     ;
; Maximum fan-out node                        ; clk   ;
; Maximum fan-out                             ; 109   ;
; Total fan-out                               ; 1718  ;
; Average fan-out                             ; 3.04  ;
+---------------------------------------------+-------+


+------------------------------------------------------------------------------------------------------------------------------------------------------------------------------------------------------------------------------------------------------------------+
; Analysis & Synthesis Resource Utilization by Entity                                                                                                                                                                                                              ;
+-------------------------------------------+-------------------+--------------+-------------+--------------+---------+-----------+------+--------------+-------------------------------------------------------------------------------------------+--------------+
; Compilation Hierarchy Node                ; LC Combinationals ; LC Registers ; Memory Bits ; DSP Elements ; DSP 9x9 ; DSP 18x18 ; Pins ; Virtual Pins ; Full Hierarchy Name                                                                       ; Library Name ;
+-------------------------------------------+-------------------+--------------+-------------+--------------+---------+-----------+------+--------------+-------------------------------------------------------------------------------------------+--------------+
; |datapath                                 ; 326 (0)           ; 85 (0)       ; 34816       ; 0            ; 0       ; 0         ; 130  ; 0            ; |datapath                                                                                 ;              ;
;    |PC:PC1|                               ; 56 (56)           ; 11 (11)      ; 0           ; 0            ; 0       ; 0         ; 0    ; 0            ; |datapath|PC:PC1                                                                          ;              ;
;    |alu:ALU1|                             ; 163 (117)         ; 0 (0)        ; 0           ; 0            ; 0       ; 0         ; 0    ; 0            ; |datapath|alu:ALU1                                                                        ;              ;
;       |comp8:comp|                        ; 2 (2)             ; 0 (0)        ; 0           ; 0            ; 0       ; 0         ; 0    ; 0            ; |datapath|alu:ALU1|comp8:comp                                                             ;              ;
;       |compU8:compU|                      ; 20 (20)           ; 0 (0)        ; 0           ; 0            ; 0       ; 0         ; 0    ; 0            ; |datapath|alu:ALU1|compU8:compU                                                           ;              ;
;       |som_sub_sig:sub_sig|               ; 24 (24)           ; 0 (0)        ; 0           ; 0            ; 0       ; 0         ; 0    ; 0            ; |datapath|alu:ALU1|som_sub_sig:sub_sig                                                    ;              ;
;    |comp8:compExt|                        ; 26 (26)           ; 0 (0)        ; 0           ; 0            ; 0       ; 0         ; 0    ; 0            ; |datapath|comp8:compExt                                                                   ;              ;
;    |memdados:MemData|                     ; 0 (0)             ; 0 (0)        ; 2048        ; 0            ; 0       ; 0         ; 0    ; 0            ; |datapath|memdados:MemData                                                                ;              ;
;       |altsyncram:altsyncram_component|   ; 0 (0)             ; 0 (0)        ; 2048        ; 0            ; 0       ; 0         ; 0    ; 0            ; |datapath|memdados:MemData|altsyncram:altsyncram_component                                ;              ;
;          |altsyncram_r4a1:auto_generated| ; 0 (0)             ; 0 (0)        ; 2048        ; 0            ; 0       ; 0         ; 0    ; 0            ; |datapath|memdados:MemData|altsyncram:altsyncram_component|altsyncram_r4a1:auto_generated ;              ;
;    |memprog:MemPro|                       ; 0 (0)             ; 0 (0)        ; 32768       ; 0            ; 0       ; 0         ; 0    ; 0            ; |datapath|memprog:MemPro                                                                  ;              ;
;       |altsyncram:altsyncram_component|   ; 0 (0)             ; 0 (0)        ; 32768       ; 0            ; 0       ; 0         ; 0    ; 0            ; |datapath|memprog:MemPro|altsyncram:altsyncram_component                                  ;              ;
;          |altsyncram_kj81:auto_generated| ; 0 (0)             ; 0 (0)        ; 32768       ; 0            ; 0       ; 0         ; 0    ; 0            ; |datapath|memprog:MemPro|altsyncram:altsyncram_component|altsyncram_kj81:auto_generated   ;              ;
;    |mux4x1:Mux1|                          ; 16 (16)           ; 0 (0)        ; 0           ; 0            ; 0       ; 0         ; 0    ; 0            ; |datapath|mux4x1:Mux1                                                                     ;              ;
;    |mux4x1:Mux2|                          ; 16 (16)           ; 0 (0)        ; 0           ; 0            ; 0       ; 0         ; 0    ; 0            ; |datapath|mux4x1:Mux2                                                                     ;              ;
;    |mux4x1:Mux3|                          ; 16 (16)           ; 0 (0)        ; 0           ; 0            ; 0       ; 0         ; 0    ; 0            ; |datapath|mux4x1:Mux3                                                                     ;              ;
;    |mux4x1:MuxDados|                      ; 16 (16)           ; 0 (0)        ; 0           ; 0            ; 0       ; 0         ; 0    ; 0            ; |datapath|mux4x1:MuxDados                                                                 ;              ;
;    |reg16:IR|                             ; 17 (17)           ; 16 (16)      ; 0           ; 0            ; 0       ; 0         ; 0    ; 0            ; |datapath|reg16:IR                                                                        ;              ;
;    |reg2:flag|                            ; 0 (0)             ; 2 (2)        ; 0           ; 0            ; 0       ; 0         ; 0    ; 0            ; |datapath|reg2:flag                                                                       ;              ;
;    |reg8:R1|                              ; 0 (0)             ; 8 (8)        ; 0           ; 0            ; 0       ; 0         ; 0    ; 0            ; |datapath|reg8:R1                                                                         ;              ;
;    |reg8:R2|                              ; 0 (0)             ; 8 (8)        ; 0           ; 0            ; 0       ; 0         ; 0    ; 0            ; |datapath|reg8:R2                                                                         ;              ;
;    |reg8:R3|                              ; 0 (0)             ; 8 (8)        ; 0           ; 0            ; 0       ; 0         ; 0    ; 0            ; |datapath|reg8:R3                                                                         ;              ;
;    |reg8:RI1|                             ; 0 (0)             ; 8 (8)        ; 0           ; 0            ; 0       ; 0         ; 0    ; 0            ; |datapath|reg8:RI1                                                                        ;              ;
;    |reg8:RI2|                             ; 0 (0)             ; 8 (8)        ; 0           ; 0            ; 0       ; 0         ; 0    ; 0            ; |datapath|reg8:RI2                                                                        ;              ;
;    |reg8:RO1|                             ; 0 (0)             ; 8 (8)        ; 0           ; 0            ; 0       ; 0         ; 0    ; 0            ; |datapath|reg8:RO1                                                                        ;              ;
;    |reg8:RO2|                             ; 0 (0)             ; 8 (8)        ; 0           ; 0            ; 0       ; 0         ; 0    ; 0            ; |datapath|reg8:RO2                                                                        ;              ;
+-------------------------------------------+-------------------+--------------+-------------+--------------+---------+-----------+------+--------------+-------------------------------------------------------------------------------------------+--------------+
Note: For table entries with two numbers listed, the numbers in parentheses indicate the number of resources of the given type used by the specific entity alone. The numbers listed outside of parentheses indicate the total resources of the given type used by the specific entity and all of its sub-entities in the hierarchy.


+-----------------------------------------------------------------------------------------------------------------------------------------------------------------------------------------------------------+
; Analysis & Synthesis RAM Summary                                                                                                                                                                          ;
+--------------------------------------------------------------------------------------------+------+-------------+--------------+--------------+--------------+--------------+-------+---------------------+
; Name                                                                                       ; Type ; Mode        ; Port A Depth ; Port A Width ; Port B Depth ; Port B Width ; Size  ; MIF                 ;
+--------------------------------------------------------------------------------------------+------+-------------+--------------+--------------+--------------+--------------+-------+---------------------+
; memdados:MemData|altsyncram:altsyncram_component|altsyncram_r4a1:auto_generated|ALTSYNCRAM ; AUTO ; Single Port ; 256          ; 8            ; --           ; --           ; 2048  ; None                ;
; memprog:MemPro|altsyncram:altsyncram_component|altsyncram_kj81:auto_generated|ALTSYNCRAM   ; AUTO ; ROM         ; 2048         ; 16           ; --           ; --           ; 32768 ; ../memProg/mif2.mif ;
+--------------------------------------------------------------------------------------------+------+-------------+--------------+--------------+--------------+--------------+-------+---------------------+


+----------------------------------------------------------------------------------------------------------------------------------------------------------------------------------+
; Analysis & Synthesis IP Cores Summary                                                                                                                                            ;
+--------+--------------+---------+--------------+--------------+----------------------------+-------------------------------------------------------------------------------------+
; Vendor ; IP Core Name ; Version ; Release Date ; License Type ; Entity Instance            ; IP Include File                                                                     ;
+--------+--------------+---------+--------------+--------------+----------------------------+-------------------------------------------------------------------------------------+
; Altera ; RAM: 1-PORT  ; N/A     ; N/A          ; N/A          ; |datapath|memdados:MemData ; C:/altera/13.0/microProjeto/micro2.0/microProjeto3/microProjeto/memdados.vhd        ;
; Altera ; ROM: 1-PORT  ; N/A     ; N/A          ; N/A          ; |datapath|memprog:MemPro   ; C:/altera/13.0/microProjeto/micro2.0/microProjeto3/microProjeto/memProg/memprog.vhd ;
+--------+--------------+---------+--------------+--------------+----------------------------+-------------------------------------------------------------------------------------+


+---------------------------------------------------------------------------------------------------+
; User-Specified and Inferred Latches                                                               ;
+----------------------------------------------------+---------------------+------------------------+
; Latch Name                                         ; Latch Enable Signal ; Free of Timing Hazards ;
+----------------------------------------------------+---------------------+------------------------+
; comp8:compExt|result[0]                            ; GND                 ; yes                    ;
; comp8:compExt|result[1]                            ; GND                 ; yes                    ;
; alu:ALU1|comp8:comp|result[0]                      ; GND                 ; yes                    ;
; alu:ALU1|compU8:compU|result[0]                    ; GND                 ; yes                    ;
; alu:ALU1|comp8:comp|result[1]                      ; GND                 ; yes                    ;
; alu:ALU1|compU8:compU|result[1]                    ; GND                 ; yes                    ;
; Number of user-specified and inferred latches = 6  ;                     ;                        ;
+----------------------------------------------------+---------------------+------------------------+
Note: All latches listed above may not be present at the end of synthesis due to various synthesis optimizations.


+--------------------------------------------------------------------------------+
; Registers Removed During Synthesis                                             ;
+---------------------------------------+----------------------------------------+
; Register name                         ; Reason for Removal                     ;
+---------------------------------------+----------------------------------------+
; reg8:RZreg|reg_var[0..7]              ; Stuck at GND due to stuck port data_in ;
; Total Number of Removed Registers = 8 ;                                        ;
+---------------------------------------+----------------------------------------+


+------------------------------------------------------+
; General Register Statistics                          ;
+----------------------------------------------+-------+
; Statistic                                    ; Value ;
+----------------------------------------------+-------+
; Total registers                              ; 85    ;
; Number of registers using Synchronous Clear  ; 11    ;
; Number of registers using Synchronous Load   ; 11    ;
; Number of registers using Asynchronous Clear ; 0     ;
; Number of registers using Asynchronous Load  ; 0     ;
; Number of registers using Clock Enable       ; 85    ;
; Number of registers using Preset             ; 0     ;
+----------------------------------------------+-------+


+------------------------------------------------------------------------------------------------------------------------------------------------+
; Multiplexer Restructuring Statistics (Restructuring Performed)                                                                                 ;
+--------------------+-----------+---------------+----------------------+------------------------+------------+----------------------------------+
; Multiplexer Inputs ; Bus Width ; Baseline Area ; Area if Restructured ; Saving if Restructured ; Registered ; Example Multiplexer Output       ;
+--------------------+-----------+---------------+----------------------+------------------------+------------+----------------------------------+
; 3:1                ; 16 bits   ; 32 LEs        ; 16 LEs               ; 16 LEs                 ; Yes        ; |datapath|reg16:IR|reg_var[15]   ;
; 5:1                ; 11 bits   ; 33 LEs        ; 22 LEs               ; 11 LEs                 ; Yes        ; |datapath|PC:PC1|address_prog[9] ;
; 4:1                ; 8 bits    ; 16 LEs        ; 16 LEs               ; 0 LEs                  ; No         ; |datapath|mux4x1:Mux2|Mux3       ;
; 4:1                ; 8 bits    ; 16 LEs        ; 16 LEs               ; 0 LEs                  ; No         ; |datapath|mux4x1:Mux3|Mux1       ;
; 4:1                ; 8 bits    ; 16 LEs        ; 16 LEs               ; 0 LEs                  ; No         ; |datapath|mux4x1:Mux1|Mux5       ;
; 4:1                ; 8 bits    ; 16 LEs        ; 16 LEs               ; 0 LEs                  ; No         ; |datapath|mux4x1:MuxDados|Mux7   ;
+--------------------+-----------+---------------+----------------------+------------------------+------------+----------------------------------+


+--------------------------------------------------------------------------------------------------------+
; Source assignments for memdados:MemData|altsyncram:altsyncram_component|altsyncram_r4a1:auto_generated ;
+---------------------------------+--------------------+------+------------------------------------------+
; Assignment                      ; Value              ; From ; To                                       ;
+---------------------------------+--------------------+------+------------------------------------------+
; OPTIMIZE_POWER_DURING_SYNTHESIS ; NORMAL_COMPILATION ; -    ; -                                        ;
+---------------------------------+--------------------+------+------------------------------------------+


+------------------------------------------------------------------------------------------------------+
; Source assignments for memprog:MemPro|altsyncram:altsyncram_component|altsyncram_kj81:auto_generated ;
+---------------------------------+--------------------+------+----------------------------------------+
; Assignment                      ; Value              ; From ; To                                     ;
+---------------------------------+--------------------+------+----------------------------------------+
; OPTIMIZE_POWER_DURING_SYNTHESIS ; NORMAL_COMPILATION ; -    ; -                                      ;
+---------------------------------+--------------------+------+----------------------------------------+


+-----------------------------------------------------------------------------------------------+
; Parameter Settings for User Entity Instance: memdados:MemData|altsyncram:altsyncram_component ;
+------------------------------------+----------------------+-----------------------------------+
; Parameter Name                     ; Value                ; Type                              ;
+------------------------------------+----------------------+-----------------------------------+
; BYTE_SIZE_BLOCK                    ; 8                    ; Untyped                           ;
; AUTO_CARRY_CHAINS                  ; ON                   ; AUTO_CARRY                        ;
; IGNORE_CARRY_BUFFERS               ; OFF                  ; IGNORE_CARRY                      ;
; AUTO_CASCADE_CHAINS                ; ON                   ; AUTO_CASCADE                      ;
; IGNORE_CASCADE_BUFFERS             ; OFF                  ; IGNORE_CASCADE                    ;
; WIDTH_BYTEENA                      ; 1                    ; Untyped                           ;
; OPERATION_MODE                     ; SINGLE_PORT          ; Untyped                           ;
; WIDTH_A                            ; 8                    ; Signed Integer                    ;
; WIDTHAD_A                          ; 8                    ; Signed Integer                    ;
; NUMWORDS_A                         ; 256                  ; Signed Integer                    ;
; OUTDATA_REG_A                      ; CLOCK0               ; Untyped                           ;
; ADDRESS_ACLR_A                     ; NONE                 ; Untyped                           ;
; OUTDATA_ACLR_A                     ; NONE                 ; Untyped                           ;
; WRCONTROL_ACLR_A                   ; NONE                 ; Untyped                           ;
; INDATA_ACLR_A                      ; NONE                 ; Untyped                           ;
; BYTEENA_ACLR_A                     ; NONE                 ; Untyped                           ;
; WIDTH_B                            ; 1                    ; Untyped                           ;
; WIDTHAD_B                          ; 1                    ; Untyped                           ;
; NUMWORDS_B                         ; 1                    ; Untyped                           ;
; INDATA_REG_B                       ; CLOCK1               ; Untyped                           ;
; WRCONTROL_WRADDRESS_REG_B          ; CLOCK1               ; Untyped                           ;
; RDCONTROL_REG_B                    ; CLOCK1               ; Untyped                           ;
; ADDRESS_REG_B                      ; CLOCK1               ; Untyped                           ;
; OUTDATA_REG_B                      ; UNREGISTERED         ; Untyped                           ;
; BYTEENA_REG_B                      ; CLOCK1               ; Untyped                           ;
; INDATA_ACLR_B                      ; NONE                 ; Untyped                           ;
; WRCONTROL_ACLR_B                   ; NONE                 ; Untyped                           ;
; ADDRESS_ACLR_B                     ; NONE                 ; Untyped                           ;
; OUTDATA_ACLR_B                     ; NONE                 ; Untyped                           ;
; RDCONTROL_ACLR_B                   ; NONE                 ; Untyped                           ;
; BYTEENA_ACLR_B                     ; NONE                 ; Untyped                           ;
; WIDTH_BYTEENA_A                    ; 1                    ; Signed Integer                    ;
; WIDTH_BYTEENA_B                    ; 1                    ; Untyped                           ;
; RAM_BLOCK_TYPE                     ; AUTO                 ; Untyped                           ;
; BYTE_SIZE                          ; 8                    ; Untyped                           ;
; READ_DURING_WRITE_MODE_MIXED_PORTS ; DONT_CARE            ; Untyped                           ;
; READ_DURING_WRITE_MODE_PORT_A      ; NEW_DATA_NO_NBE_READ ; Untyped                           ;
; READ_DURING_WRITE_MODE_PORT_B      ; NEW_DATA_NO_NBE_READ ; Untyped                           ;
; INIT_FILE                          ; UNUSED               ; Untyped                           ;
; INIT_FILE_LAYOUT                   ; PORT_A               ; Untyped                           ;
; MAXIMUM_DEPTH                      ; 0                    ; Untyped                           ;
; CLOCK_ENABLE_INPUT_A               ; BYPASS               ; Untyped                           ;
; CLOCK_ENABLE_INPUT_B               ; NORMAL               ; Untyped                           ;
; CLOCK_ENABLE_OUTPUT_A              ; BYPASS               ; Untyped                           ;
; CLOCK_ENABLE_OUTPUT_B              ; NORMAL               ; Untyped                           ;
; CLOCK_ENABLE_CORE_A                ; USE_INPUT_CLKEN      ; Untyped                           ;
; CLOCK_ENABLE_CORE_B                ; USE_INPUT_CLKEN      ; Untyped                           ;
; ENABLE_ECC                         ; FALSE                ; Untyped                           ;
; ECC_PIPELINE_STAGE_ENABLED         ; FALSE                ; Untyped                           ;
; WIDTH_ECCSTATUS                    ; 3                    ; Untyped                           ;
; DEVICE_FAMILY                      ; Cyclone II           ; Untyped                           ;
; CBXI_PARAMETER                     ; altsyncram_r4a1      ; Untyped                           ;
+------------------------------------+----------------------+-----------------------------------+
Note: In order to hide this table in the UI and the text report file, please set the "Show Parameter Settings in Synthesis Report" option in "Analysis and Synthesis Settings -> More Settings" to "Off".


+---------------------------------------------------------------------------------------------+
; Parameter Settings for User Entity Instance: memprog:MemPro|altsyncram:altsyncram_component ;
+------------------------------------+----------------------+---------------------------------+
; Parameter Name                     ; Value                ; Type                            ;
+------------------------------------+----------------------+---------------------------------+
; BYTE_SIZE_BLOCK                    ; 8                    ; Untyped                         ;
; AUTO_CARRY_CHAINS                  ; ON                   ; AUTO_CARRY                      ;
; IGNORE_CARRY_BUFFERS               ; OFF                  ; IGNORE_CARRY                    ;
; AUTO_CASCADE_CHAINS                ; ON                   ; AUTO_CASCADE                    ;
; IGNORE_CASCADE_BUFFERS             ; OFF                  ; IGNORE_CASCADE                  ;
; WIDTH_BYTEENA                      ; 1                    ; Untyped                         ;
; OPERATION_MODE                     ; ROM                  ; Untyped                         ;
; WIDTH_A                            ; 16                   ; Signed Integer                  ;
; WIDTHAD_A                          ; 11                   ; Signed Integer                  ;
; NUMWORDS_A                         ; 2048                 ; Signed Integer                  ;
; OUTDATA_REG_A                      ; UNREGISTERED         ; Untyped                         ;
; ADDRESS_ACLR_A                     ; NONE                 ; Untyped                         ;
; OUTDATA_ACLR_A                     ; NONE                 ; Untyped                         ;
; WRCONTROL_ACLR_A                   ; NONE                 ; Untyped                         ;
; INDATA_ACLR_A                      ; NONE                 ; Untyped                         ;
; BYTEENA_ACLR_A                     ; NONE                 ; Untyped                         ;
; WIDTH_B                            ; 1                    ; Untyped                         ;
; WIDTHAD_B                          ; 1                    ; Untyped                         ;
; NUMWORDS_B                         ; 1                    ; Untyped                         ;
; INDATA_REG_B                       ; CLOCK1               ; Untyped                         ;
; WRCONTROL_WRADDRESS_REG_B          ; CLOCK1               ; Untyped                         ;
; RDCONTROL_REG_B                    ; CLOCK1               ; Untyped                         ;
; ADDRESS_REG_B                      ; CLOCK1               ; Untyped                         ;
; OUTDATA_REG_B                      ; UNREGISTERED         ; Untyped                         ;
; BYTEENA_REG_B                      ; CLOCK1               ; Untyped                         ;
; INDATA_ACLR_B                      ; NONE                 ; Untyped                         ;
; WRCONTROL_ACLR_B                   ; NONE                 ; Untyped                         ;
; ADDRESS_ACLR_B                     ; NONE                 ; Untyped                         ;
; OUTDATA_ACLR_B                     ; NONE                 ; Untyped                         ;
; RDCONTROL_ACLR_B                   ; NONE                 ; Untyped                         ;
; BYTEENA_ACLR_B                     ; NONE                 ; Untyped                         ;
; WIDTH_BYTEENA_A                    ; 1                    ; Signed Integer                  ;
; WIDTH_BYTEENA_B                    ; 1                    ; Untyped                         ;
; RAM_BLOCK_TYPE                     ; AUTO                 ; Untyped                         ;
; BYTE_SIZE                          ; 8                    ; Untyped                         ;
; READ_DURING_WRITE_MODE_MIXED_PORTS ; DONT_CARE            ; Untyped                         ;
; READ_DURING_WRITE_MODE_PORT_A      ; NEW_DATA_NO_NBE_READ ; Untyped                         ;
; READ_DURING_WRITE_MODE_PORT_B      ; NEW_DATA_NO_NBE_READ ; Untyped                         ;
; INIT_FILE                          ; ../memProg/mif2.mif  ; Untyped                         ;
; INIT_FILE_LAYOUT                   ; PORT_A               ; Untyped                         ;
; MAXIMUM_DEPTH                      ; 0                    ; Untyped                         ;
; CLOCK_ENABLE_INPUT_A               ; BYPASS               ; Untyped                         ;
; CLOCK_ENABLE_INPUT_B               ; NORMAL               ; Untyped                         ;
; CLOCK_ENABLE_OUTPUT_A              ; BYPASS               ; Untyped                         ;
; CLOCK_ENABLE_OUTPUT_B              ; NORMAL               ; Untyped                         ;
; CLOCK_ENABLE_CORE_A                ; USE_INPUT_CLKEN      ; Untyped                         ;
; CLOCK_ENABLE_CORE_B                ; USE_INPUT_CLKEN      ; Untyped                         ;
; ENABLE_ECC                         ; FALSE                ; Untyped                         ;
; ECC_PIPELINE_STAGE_ENABLED         ; FALSE                ; Untyped                         ;
; WIDTH_ECCSTATUS                    ; 3                    ; Untyped                         ;
; DEVICE_FAMILY                      ; Cyclone II           ; Untyped                         ;
; CBXI_PARAMETER                     ; altsyncram_kj81      ; Untyped                         ;
+------------------------------------+----------------------+---------------------------------+
Note: In order to hide this table in the UI and the text report file, please set the "Show Parameter Settings in Synthesis Report" option in "Analysis and Synthesis Settings -> More Settings" to "Off".


+----------------------------------------------------------------------------------------------+
; altsyncram Parameter Settings by Entity Instance                                             ;
+-------------------------------------------+--------------------------------------------------+
; Name                                      ; Value                                            ;
+-------------------------------------------+--------------------------------------------------+
; Number of entity instances                ; 2                                                ;
; Entity Instance                           ; memdados:MemData|altsyncram:altsyncram_component ;
;     -- OPERATION_MODE                     ; SINGLE_PORT                                      ;
;     -- WIDTH_A                            ; 8                                                ;
;     -- NUMWORDS_A                         ; 256                                              ;
;     -- OUTDATA_REG_A                      ; CLOCK0                                           ;
;     -- WIDTH_B                            ; 1                                                ;
;     -- NUMWORDS_B                         ; 1                                                ;
;     -- ADDRESS_REG_B                      ; CLOCK1                                           ;
;     -- OUTDATA_REG_B                      ; UNREGISTERED                                     ;
;     -- RAM_BLOCK_TYPE                     ; AUTO                                             ;
;     -- READ_DURING_WRITE_MODE_MIXED_PORTS ; DONT_CARE                                        ;
; Entity Instance                           ; memprog:MemPro|altsyncram:altsyncram_component   ;
;     -- OPERATION_MODE                     ; ROM                                              ;
;     -- WIDTH_A                            ; 16                                               ;
;     -- NUMWORDS_A                         ; 2048                                             ;
;     -- OUTDATA_REG_A                      ; UNREGISTERED                                     ;
;     -- WIDTH_B                            ; 1                                                ;
;     -- NUMWORDS_B                         ; 1                                                ;
;     -- ADDRESS_REG_B                      ; CLOCK1                                           ;
;     -- OUTDATA_REG_B                      ; UNREGISTERED                                     ;
;     -- RAM_BLOCK_TYPE                     ; AUTO                                             ;
;     -- READ_DURING_WRITE_MODE_MIXED_PORTS ; DONT_CARE                                        ;
+-------------------------------------------+--------------------------------------------------+


+----------------------------------------------------------+
; Port Connectivity Checks: "alu:ALU1|som_sub_sig:sub_sig" ;
+---------+-------+----------+-----------------------------+
; Port    ; Type  ; Severity ; Details                     ;
+---------+-------+----------+-----------------------------+
; add_sub ; Input ; Info     ; Stuck at GND                ;
+---------+-------+----------+-----------------------------+


+----------------------------------------------------------+
; Port Connectivity Checks: "alu:ALU1|som_sub_sig:som_sig" ;
+---------+-------+----------+-----------------------------+
; Port    ; Type  ; Severity ; Details                     ;
+---------+-------+----------+-----------------------------+
; add_sub ; Input ; Info     ; Stuck at VCC                ;
+---------+-------+----------+-----------------------------+


+-----------------------------------------+
; Port Connectivity Checks: "reg2:flag"   ;
+-------+-------+----------+--------------+
; Port  ; Type  ; Severity ; Details      ;
+-------+-------+----------+--------------+
; clear ; Input ; Info     ; Stuck at GND ;
+-------+-------+----------+--------------+


+-----------------------------------------+
; Port Connectivity Checks: "reg8:RZreg"  ;
+-------+-------+----------+--------------+
; Port  ; Type  ; Severity ; Details      ;
+-------+-------+----------+--------------+
; load  ; Input ; Info     ; Stuck at VCC ;
; clear ; Input ; Info     ; Stuck at GND ;
; data  ; Input ; Info     ; Stuck at GND ;
+-------+-------+----------+--------------+


+-----------------------------------------+
; Port Connectivity Checks: "reg8:R2"     ;
+-------+-------+----------+--------------+
; Port  ; Type  ; Severity ; Details      ;
+-------+-------+----------+--------------+
; clear ; Input ; Info     ; Stuck at GND ;
+-------+-------+----------+--------------+


+-----------------------------------------+
; Port Connectivity Checks: "reg8:R1"     ;
+-------+-------+----------+--------------+
; Port  ; Type  ; Severity ; Details      ;
+-------+-------+----------+--------------+
; clear ; Input ; Info     ; Stuck at GND ;
+-------+-------+----------+--------------+


+-----------------------------------------+
; Port Connectivity Checks: "reg8:R3"     ;
+-------+-------+----------+--------------+
; Port  ; Type  ; Severity ; Details      ;
+-------+-------+----------+--------------+
; clear ; Input ; Info     ; Stuck at GND ;
+-------+-------+----------+--------------+


+-----------------------------------------+
; Port Connectivity Checks: "reg8:RO2"    ;
+-------+-------+----------+--------------+
; Port  ; Type  ; Severity ; Details      ;
+-------+-------+----------+--------------+
; clear ; Input ; Info     ; Stuck at GND ;
+-------+-------+----------+--------------+


+-----------------------------------------+
; Port Connectivity Checks: "reg8:RO1"    ;
+-------+-------+----------+--------------+
; Port  ; Type  ; Severity ; Details      ;
+-------+-------+----------+--------------+
; clear ; Input ; Info     ; Stuck at GND ;
+-------+-------+----------+--------------+


+-----------------------------------------+
; Port Connectivity Checks: "reg8:RI2"    ;
+-------+-------+----------+--------------+
; Port  ; Type  ; Severity ; Details      ;
+-------+-------+----------+--------------+
; clear ; Input ; Info     ; Stuck at GND ;
+-------+-------+----------+--------------+


+-----------------------------------------+
; Port Connectivity Checks: "reg8:RI1"    ;
+-------+-------+----------+--------------+
; Port  ; Type  ; Severity ; Details      ;
+-------+-------+----------+--------------+
; clear ; Input ; Info     ; Stuck at GND ;
+-------+-------+----------+--------------+


+-------------------------------+
; Elapsed Time Per Partition    ;
+----------------+--------------+
; Partition Name ; Elapsed Time ;
+----------------+--------------+
; Top            ; 00:00:01     ;
+----------------+--------------+


+-------------------------------+
; Analysis & Synthesis Messages ;
+-------------------------------+
Info: *******************************************************************
Info: Running Quartus II 64-Bit Analysis & Synthesis
    Info: Version 13.0.0 Build 156 04/24/2013 SJ Web Edition
    Info: Processing started: Wed Dec 04 12:07:29 2019
Info: Command: quartus_map --read_settings_files=on --write_settings_files=off datapath -c datapath
Warning (20028): Parallel compilation is not licensed and has been disabled
Info (12021): Found 2 design units, including 1 entities, in source file /altera/13.0/microprojeto/micro2.0/microprojeto3/microprojeto/mux4x1/mux4x1.vhd
    Info (12022): Found design unit 1: mux4x1-arq_mux4x1
    Info (12023): Found entity 1: mux4x1
Info (12021): Found 2 design units, including 1 entities, in source file /altera/13.0/microprojeto/micro2.0/microprojeto3/microprojeto/som_sub_unsig/som_sub_unsig.vhd
    Info (12022): Found design unit 1: som_sub_unsig-arq_som_sub_unsig
    Info (12023): Found entity 1: som_sub_unsig
Info (12021): Found 2 design units, including 1 entities, in source file /altera/13.0/microprojeto/micro2.0/microprojeto3/microprojeto/som_sub_sig/som_sub_sig.vhd
    Info (12022): Found design unit 1: som_sub_sig-arq_som_sub_sig
    Info (12023): Found entity 1: som_sub_sig
Info (12021): Found 1 design units, including 0 entities, in source file /altera/13.0/microprojeto/micro2.0/microprojeto3/microprojeto/alu/alu_components.vhd
    Info (12022): Found design unit 1: alu_components
Info (12021): Found 2 design units, including 1 entities, in source file /altera/13.0/microprojeto/micro2.0/microprojeto3/microprojeto/memdados.vhd
    Info (12022): Found design unit 1: memdados-SYN
    Info (12023): Found entity 1: memdados
Info (12021): Found 2 design units, including 1 entities, in source file /altera/13.0/microprojeto/micro2.0/microprojeto3/microprojeto/reg16/reg16.vhd
    Info (12022): Found design unit 1: reg16-arq_reg16
    Info (12023): Found entity 1: reg16
Info (12021): Found 2 design units, including 1 entities, in source file /altera/13.0/microprojeto/micro2.0/microprojeto3/microprojeto/reg11/reg11.vhd
    Info (12022): Found design unit 1: reg11-arq_reg11
    Info (12023): Found entity 1: reg11
Info (12021): Found 2 design units, including 1 entities, in source file /altera/13.0/microprojeto/micro2.0/microprojeto3/microprojeto/reg8/reg8.vhd
    Info (12022): Found design unit 1: reg8-arq_reg8
    Info (12023): Found entity 1: reg8
Info (12021): Found 2 design units, including 1 entities, in source file /altera/13.0/microprojeto/micro2.0/microprojeto3/microprojeto/reg2/reg2.vhd
    Info (12022): Found design unit 1: reg2-arq_reg2
    Info (12023): Found entity 1: reg2
Info (12021): Found 2 design units, including 1 entities, in source file /altera/13.0/microprojeto/micro2.0/microprojeto3/microprojeto/pc/pc.vhd
    Info (12022): Found design unit 1: PC-arq_PC
    Info (12023): Found entity 1: PC
Info (12021): Found 2 design units, including 1 entities, in source file /altera/13.0/microprojeto/micro2.0/microprojeto3/microprojeto/memprog/memprog.vhd
    Info (12022): Found design unit 1: memprog-SYN
    Info (12023): Found entity 1: memprog
Info (12021): Found 2 design units, including 1 entities, in source file /altera/13.0/microprojeto/micro2.0/microprojeto3/microprojeto/compu8/compu8.vhd
    Info (12022): Found design unit 1: compU8-arq_compU8
    Info (12023): Found entity 1: compU8
Info (12021): Found 2 design units, including 1 entities, in source file /altera/13.0/microprojeto/micro2.0/microprojeto3/microprojeto/comp8/comp8.vhd
    Info (12022): Found design unit 1: comp8-arq_comp8
    Info (12023): Found entity 1: comp8
Info (12021): Found 2 design units, including 1 entities, in source file /altera/13.0/microprojeto/micro2.0/microprojeto3/microprojeto/alu/alu.vhd
    Info (12022): Found design unit 1: alu-arqALU
    Info (12023): Found entity 1: alu
Info (12021): Found 2 design units, including 1 entities, in source file datapath.vhd
    Info (12022): Found design unit 1: datapath-arqDP
    Info (12023): Found entity 1: datapath
Info (12021): Found 1 design units, including 0 entities, in source file dpcomp.vhd
    Info (12022): Found design unit 1: DPComp
Info (12127): Elaborating entity "datapath" for the top level hierarchy
Warning (10540): VHDL Signal Declaration warning at datapath.vhd(68): used explicit default value for signal "clr" because signal was never assigned a value
Warning (10540): VHDL Signal Declaration warning at datapath.vhd(69): used explicit default value for signal "RZ_ld" because signal was never assigned a value
Warning (10540): VHDL Signal Declaration warning at datapath.vhd(70): used explicit default value for signal "RZ" because signal was never assigned a value
Info (12128): Elaborating entity "memdados" for hierarchy "memdados:MemData"
Info (12128): Elaborating entity "altsyncram" for hierarchy "memdados:MemData|altsyncram:altsyncram_component"
Info (12130): Elaborated megafunction instantiation "memdados:MemData|altsyncram:altsyncram_component"
Info (12133): Instantiated megafunction "memdados:MemData|altsyncram:altsyncram_component" with the following parameter:
    Info (12134): Parameter "clock_enable_input_a" = "BYPASS"
    Info (12134): Parameter "clock_enable_output_a" = "BYPASS"
    Info (12134): Parameter "intended_device_family" = "Cyclone II"
    Info (12134): Parameter "lpm_hint" = "ENABLE_RUNTIME_MOD=NO"
    Info (12134): Parameter "lpm_type" = "altsyncram"
    Info (12134): Parameter "numwords_a" = "256"
    Info (12134): Parameter "operation_mode" = "SINGLE_PORT"
    Info (12134): Parameter "outdata_aclr_a" = "NONE"
    Info (12134): Parameter "outdata_reg_a" = "CLOCK0"
    Info (12134): Parameter "power_up_uninitialized" = "FALSE"
    Info (12134): Parameter "widthad_a" = "8"
    Info (12134): Parameter "width_a" = "8"
    Info (12134): Parameter "width_byteena_a" = "1"
Info (12021): Found 1 design units, including 1 entities, in source file db/altsyncram_r4a1.tdf
    Info (12023): Found entity 1: altsyncram_r4a1
Info (12128): Elaborating entity "altsyncram_r4a1" for hierarchy "memdados:MemData|altsyncram:altsyncram_component|altsyncram_r4a1:auto_generated"
Info (12128): Elaborating entity "memprog" for hierarchy "memprog:MemPro"
Info (12128): Elaborating entity "altsyncram" for hierarchy "memprog:MemPro|altsyncram:altsyncram_component"
Info (12130): Elaborated megafunction instantiation "memprog:MemPro|altsyncram:altsyncram_component"
Info (12133): Instantiated megafunction "memprog:MemPro|altsyncram:altsyncram_component" with the following parameter:
    Info (12134): Parameter "clock_enable_input_a" = "BYPASS"
    Info (12134): Parameter "clock_enable_output_a" = "BYPASS"
    Info (12134): Parameter "init_file" = "../memProg/mif2.mif"
    Info (12134): Parameter "intended_device_family" = "Cyclone II"
    Info (12134): Parameter "lpm_hint" = "ENABLE_RUNTIME_MOD=NO"
    Info (12134): Parameter "lpm_type" = "altsyncram"
    Info (12134): Parameter "numwords_a" = "2048"
    Info (12134): Parameter "operation_mode" = "ROM"
    Info (12134): Parameter "outdata_aclr_a" = "NONE"
    Info (12134): Parameter "outdata_reg_a" = "UNREGISTERED"
    Info (12134): Parameter "widthad_a" = "11"
    Info (12134): Parameter "width_a" = "16"
    Info (12134): Parameter "width_byteena_a" = "1"
Info (12021): Found 1 design units, including 1 entities, in source file db/altsyncram_kj81.tdf
    Info (12023): Found entity 1: altsyncram_kj81
Info (12128): Elaborating entity "altsyncram_kj81" for hierarchy "memprog:MemPro|altsyncram:altsyncram_component|altsyncram_kj81:auto_generated"
Info (12128): Elaborating entity "PC" for hierarchy "PC:PC1"
Info (12128): Elaborating entity "reg16" for hierarchy "reg16:IR"
Info (12128): Elaborating entity "reg8" for hierarchy "reg8:RI1"
Info (12128): Elaborating entity "reg2" for hierarchy "reg2:flag"
Info (12128): Elaborating entity "alu" for hierarchy "alu:ALU1"
Info (12128): Elaborating entity "som_sub_sig" for hierarchy "alu:ALU1|som_sub_sig:som_sig"
Info (12128): Elaborating entity "comp8" for hierarchy "alu:ALU1|comp8:comp"
Info (10041): Inferred latch for "result[0]" at comp8.vhd(19)
Info (10041): Inferred latch for "result[1]" at comp8.vhd(19)
Info (10041): Inferred latch for "result[2]" at comp8.vhd(19)
Info (10041): Inferred latch for "result[3]" at comp8.vhd(19)
Info (10041): Inferred latch for "result[4]" at comp8.vhd(19)
Info (10041): Inferred latch for "result[5]" at comp8.vhd(19)
Info (10041): Inferred latch for "result[6]" at comp8.vhd(19)
Info (10041): Inferred latch for "result[7]" at comp8.vhd(19)
Info (12128): Elaborating entity "compU8" for hierarchy "alu:ALU1|compU8:compU"
Info (10041): Inferred latch for "result[0]" at compU8.vhd(19)
Info (10041): Inferred latch for "result[1]" at compU8.vhd(19)
Info (10041): Inferred latch for "result[2]" at compU8.vhd(19)
Info (10041): Inferred latch for "result[3]" at compU8.vhd(19)
Info (10041): Inferred latch for "result[4]" at compU8.vhd(19)
Info (10041): Inferred latch for "result[5]" at compU8.vhd(19)
Info (10041): Inferred latch for "result[6]" at compU8.vhd(19)
Info (10041): Inferred latch for "result[7]" at compU8.vhd(19)
Info (12128): Elaborating entity "mux4x1" for hierarchy "mux4x1:Mux1"
Warning (13024): Output pins are stuck at VCC or GND
    Warning (13410): Pin "CompOutExt[2]" is stuck at GND
    Warning (13410): Pin "CompOutExt[3]" is stuck at GND
    Warning (13410): Pin "CompOutExt[4]" is stuck at GND
    Warning (13410): Pin "CompOutExt[5]" is stuck at GND
    Warning (13410): Pin "CompOutExt[6]" is stuck at GND
    Warning (13410): Pin "CompOutExt[7]" is stuck at GND
Info (16010): Generating hard_block partition "hard_block:auto_generated_inst"
    Info (16011): Adding 0 node(s), including 0 DDIO, 0 PLL, 0 transceiver and 0 LCELL
Info (21057): Implemented 538 device resources after synthesis - the final resource count might be different
    Info (21058): Implemented 44 input pins
    Info (21059): Implemented 86 output pins
    Info (21061): Implemented 384 logic cells
    Info (21064): Implemented 24 RAM segments
Info: Quartus II 64-Bit Analysis & Synthesis was successful. 0 errors, 11 warnings
    Info: Peak virtual memory: 4665 megabytes
    Info: Processing ended: Wed Dec 04 12:07:33 2019
    Info: Elapsed time: 00:00:04
    Info: Total CPU time (on all processors): 00:00:03


