Analysis & Synthesis report for controlador
Tue Nov 19 21:04:22 2019
Quartus II 64-Bit Version 13.0.0 Build 156 04/24/2013 SJ Web Edition


---------------------
; Table of Contents ;
---------------------
  1. Legal Notice
  2. Analysis & Synthesis Summary
  3. Analysis & Synthesis Settings
  4. Parallel Compilation
  5. Analysis & Synthesis Source Files Read
  6. Analysis & Synthesis Resource Usage Summary
  7. Analysis & Synthesis Resource Utilization by Entity
  8. State Machine - |controlador|state
  9. User-Specified and Inferred Latches
 10. General Register Statistics
 11. Multiplexer Restructuring Statistics (Restructuring Performed)
 12. Elapsed Time Per Partition
 13. Analysis & Synthesis Messages



----------------
; Legal Notice ;
----------------
Copyright (C) 1991-2013 Altera Corporation
Your use of Altera Corporation's design tools, logic functions 
and other software and tools, and its AMPP partner logic 
functions, and any output files from any of the foregoing 
(including device programming or simulation files), and any 
associated documentation or information are expressly subject 
to the terms and conditions of the Altera Program License 
Subscription Agreement, Altera MegaCore Function License 
Agreement, or other applicable license agreement, including, 
without limitation, that your use is for the sole purpose of 
programming logic devices manufactured by Altera and sold by 
Altera or its authorized distributors.  Please refer to the 
applicable agreement for further details.



+---------------------------------------------------------------------------------+
; Analysis & Synthesis Summary                                                    ;
+------------------------------------+--------------------------------------------+
; Analysis & Synthesis Status        ; Successful - Tue Nov 19 21:04:22 2019      ;
; Quartus II 64-Bit Version          ; 13.0.0 Build 156 04/24/2013 SJ Web Edition ;
; Revision Name                      ; controlador                                ;
; Top-level Entity Name              ; controlador                                ;
; Family                             ; Cyclone II                                 ;
; Total logic elements               ; 115                                        ;
;     Total combinational functions  ; 114                                        ;
;     Dedicated logic registers      ; 27                                         ;
; Total registers                    ; 27                                         ;
; Total pins                         ; 53                                         ;
; Total virtual pins                 ; 0                                          ;
; Total memory bits                  ; 0                                          ;
; Embedded Multiplier 9-bit elements ; 0                                          ;
; Total PLLs                         ; 0                                          ;
+------------------------------------+--------------------------------------------+


+----------------------------------------------------------------------------------------------------------------------+
; Analysis & Synthesis Settings                                                                                        ;
+----------------------------------------------------------------------------+--------------------+--------------------+
; Option                                                                     ; Setting            ; Default Value      ;
+----------------------------------------------------------------------------+--------------------+--------------------+
; Device                                                                     ; EP2C35F672C6       ;                    ;
; Top-level entity name                                                      ; controlador        ; controlador        ;
; Family name                                                                ; Cyclone II         ; Cyclone IV GX      ;
; Use smart compilation                                                      ; Off                ; Off                ;
; Enable parallel Assembler and TimeQuest Timing Analyzer during compilation ; On                 ; On                 ;
; Enable compact report table                                                ; Off                ; Off                ;
; Restructure Multiplexers                                                   ; Auto               ; Auto               ;
; Create Debugging Nodes for IP Cores                                        ; Off                ; Off                ;
; Preserve fewer node names                                                  ; On                 ; On                 ;
; Disable OpenCore Plus hardware evaluation                                  ; Off                ; Off                ;
; Verilog Version                                                            ; Verilog_2001       ; Verilog_2001       ;
; VHDL Version                                                               ; VHDL_1993          ; VHDL_1993          ;
; State Machine Processing                                                   ; Auto               ; Auto               ;
; Safe State Machine                                                         ; Off                ; Off                ;
; Extract Verilog State Machines                                             ; On                 ; On                 ;
; Extract VHDL State Machines                                                ; On                 ; On                 ;
; Ignore Verilog initial constructs                                          ; Off                ; Off                ;
; Iteration limit for constant Verilog loops                                 ; 5000               ; 5000               ;
; Iteration limit for non-constant Verilog loops                             ; 250                ; 250                ;
; Add Pass-Through Logic to Inferred RAMs                                    ; On                 ; On                 ;
; Infer RAMs from Raw Logic                                                  ; On                 ; On                 ;
; Parallel Synthesis                                                         ; On                 ; On                 ;
; DSP Block Balancing                                                        ; Auto               ; Auto               ;
; NOT Gate Push-Back                                                         ; On                 ; On                 ;
; Power-Up Don't Care                                                        ; On                 ; On                 ;
; Remove Redundant Logic Cells                                               ; Off                ; Off                ;
; Remove Duplicate Registers                                                 ; On                 ; On                 ;
; Ignore CARRY Buffers                                                       ; Off                ; Off                ;
; Ignore CASCADE Buffers                                                     ; Off                ; Off                ;
; Ignore GLOBAL Buffers                                                      ; Off                ; Off                ;
; Ignore ROW GLOBAL Buffers                                                  ; Off                ; Off                ;
; Ignore LCELL Buffers                                                       ; Off                ; Off                ;
; Ignore SOFT Buffers                                                        ; On                 ; On                 ;
; Limit AHDL Integers to 32 Bits                                             ; Off                ; Off                ;
; Optimization Technique                                                     ; Balanced           ; Balanced           ;
; Carry Chain Length                                                         ; 70                 ; 70                 ;
; Auto Carry Chains                                                          ; On                 ; On                 ;
; Auto Open-Drain Pins                                                       ; On                 ; On                 ;
; Perform WYSIWYG Primitive Resynthesis                                      ; Off                ; Off                ;
; Auto ROM Replacement                                                       ; On                 ; On                 ;
; Auto RAM Replacement                                                       ; On                 ; On                 ;
; Auto Shift Register Replacement                                            ; Auto               ; Auto               ;
; Allow Shift Register Merging across Hierarchies                            ; Auto               ; Auto               ;
; Auto Clock Enable Replacement                                              ; On                 ; On                 ;
; Strict RAM Replacement                                                     ; Off                ; Off                ;
; Allow Synchronous Control Signals                                          ; On                 ; On                 ;
; Force Use of Synchronous Clear Signals                                     ; Off                ; Off                ;
; Auto RAM to Logic Cell Conversion                                          ; Off                ; Off                ;
; Auto Resource Sharing                                                      ; Off                ; Off                ;
; Allow Any RAM Size For Recognition                                         ; Off                ; Off                ;
; Allow Any ROM Size For Recognition                                         ; Off                ; Off                ;
; Allow Any Shift Register Size For Recognition                              ; Off                ; Off                ;
; Use LogicLock Constraints during Resource Balancing                        ; On                 ; On                 ;
; Ignore translate_off and synthesis_off directives                          ; Off                ; Off                ;
; Timing-Driven Synthesis                                                    ; Off                ; Off                ;
; Report Parameter Settings                                                  ; On                 ; On                 ;
; Report Source Assignments                                                  ; On                 ; On                 ;
; Report Connectivity Checks                                                 ; On                 ; On                 ;
; Ignore Maximum Fan-Out Assignments                                         ; Off                ; Off                ;
; Synchronization Register Chain Length                                      ; 2                  ; 2                  ;
; PowerPlay Power Optimization                                               ; Normal compilation ; Normal compilation ;
; HDL message level                                                          ; Level2             ; Level2             ;
; Suppress Register Optimization Related Messages                            ; Off                ; Off                ;
; Number of Removed Registers Reported in Synthesis Report                   ; 5000               ; 5000               ;
; Number of Swept Nodes Reported in Synthesis Report                         ; 5000               ; 5000               ;
; Number of Inverted Registers Reported in Synthesis Report                  ; 100                ; 100                ;
; Clock MUX Protection                                                       ; On                 ; On                 ;
; Auto Gated Clock Conversion                                                ; Off                ; Off                ;
; Block Design Naming                                                        ; Auto               ; Auto               ;
; SDC constraint protection                                                  ; Off                ; Off                ;
; Synthesis Effort                                                           ; Auto               ; Auto               ;
; Shift Register Replacement - Allow Asynchronous Clear Signal               ; On                 ; On                 ;
; Pre-Mapping Resynthesis Optimization                                       ; Off                ; Off                ;
; Analysis & Synthesis Message Level                                         ; Medium             ; Medium             ;
; Disable Register Merging Across Hierarchies                                ; Auto               ; Auto               ;
; Resource Aware Inference For Block RAM                                     ; On                 ; On                 ;
; Synthesis Seed                                                             ; 1                  ; 1                  ;
+----------------------------------------------------------------------------+--------------------+--------------------+


Parallel compilation was disabled, but you have multiple processors available. Enable parallel compilation to reduce compilation time.
+-------------------------------------+
; Parallel Compilation                ;
+----------------------------+--------+
; Processors                 ; Number ;
+----------------------------+--------+
; Number detected on machine ; 4      ;
; Maximum allowed            ; 1      ;
+----------------------------+--------+


+----------------------------------------------------------------------------------------------------------------------------------------------------------------------------+
; Analysis & Synthesis Source Files Read                                                                                                                                     ;
+----------------------------------+-----------------+-----------------+-------------------------------------------------------------------------------------------+---------+
; File Name with User-Entered Path ; Used in Netlist ; File Type       ; File Name with Absolute Path                                                              ; Library ;
+----------------------------------+-----------------+-----------------+-------------------------------------------------------------------------------------------+---------+
; controlador.vhd                  ; yes             ; User VHDL File  ; C:/altera/13.0/microProjeto-20191113T132353Z-001/microProjeto/controlador/controlador.vhd ;         ;
+----------------------------------+-----------------+-----------------+-------------------------------------------------------------------------------------------+---------+


+-----------------------------------------------------+
; Analysis & Synthesis Resource Usage Summary         ;
+---------------------------------------------+-------+
; Resource                                    ; Usage ;
+---------------------------------------------+-------+
; Estimated Total logic elements              ; 115   ;
;                                             ;       ;
; Total combinational functions               ; 114   ;
; Logic element usage by number of LUT inputs ;       ;
;     -- 4 input functions                    ; 65    ;
;     -- 3 input functions                    ; 36    ;
;     -- <=2 input functions                  ; 13    ;
;                                             ;       ;
; Logic elements by mode                      ;       ;
;     -- normal mode                          ; 114   ;
;     -- arithmetic mode                      ; 0     ;
;                                             ;       ;
; Total registers                             ; 27    ;
;     -- Dedicated logic registers            ; 27    ;
;     -- I/O registers                        ; 0     ;
;                                             ;       ;
; I/O pins                                    ; 53    ;
; Embedded Multiplier 9-bit elements          ; 0     ;
; Maximum fan-out node                        ; clk   ;
; Maximum fan-out                             ; 27    ;
; Total fan-out                               ; 500   ;
; Average fan-out                             ; 2.58  ;
+---------------------------------------------+-------+


+-----------------------------------------------------------------------------------------------------------------------------------------------------------------------------+
; Analysis & Synthesis Resource Utilization by Entity                                                                                                                         ;
+----------------------------+-------------------+--------------+-------------+--------------+---------+-----------+------+--------------+---------------------+--------------+
; Compilation Hierarchy Node ; LC Combinationals ; LC Registers ; Memory Bits ; DSP Elements ; DSP 9x9 ; DSP 18x18 ; Pins ; Virtual Pins ; Full Hierarchy Name ; Library Name ;
+----------------------------+-------------------+--------------+-------------+--------------+---------+-----------+------+--------------+---------------------+--------------+
; |controlador               ; 114 (114)         ; 27 (27)      ; 0           ; 0            ; 0       ; 0         ; 53   ; 0            ; |controlador        ;              ;
+----------------------------+-------------------+--------------+-------------+--------------+---------+-----------+------+--------------+---------------------+--------------+
Note: For table entries with two numbers listed, the numbers in parentheses indicate the number of resources of the given type used by the specific entity alone. The numbers listed outside of parentheses indicate the total resources of the given type used by the specific entity and all of its sub-entities in the hierarchy.


Encoding Type:  One-Hot
+----------------------------------------------------------------------------------------------------------------------------------------------------------------------------------------------------------------------------------------------------------------------------------------------------------------------------------------------------------------------+
; State Machine - |controlador|state                                                                                                                                                                                                                                                                                                                                   ;
+--------------+-----------+-----------+-----------+-----------+-----------+-------------+------------+------------+-----------+------------+------------+-----------+------------+-----------+------------+------------+------------+------------+-----------+------------+-----------+------------+-----------+-----------+-------------+-------------+--------------+
; Name         ; state.BHT ; state.BLT ; state.BEQ ; state.RET ; state.JMP ; state.STORE ; state.LOAD ; state.XORI ; state.ORI ; state.ANDI ; state.ADDI ; state.MOV ; state.OUTT ; state.INN ; state.SLAA ; state.SLRR ; state.SLLL ; state.CMPU ; state.CMP ; state.XORR ; state.ORR ; state.ANDD ; state.SUB ; state.ADD ; state.decod ; state.busca ; state.inicio ;
+--------------+-----------+-----------+-----------+-----------+-----------+-------------+------------+------------+-----------+------------+------------+-----------+------------+-----------+------------+------------+------------+------------+-----------+------------+-----------+------------+-----------+-----------+-------------+-------------+--------------+
; state.inicio ; 0         ; 0         ; 0         ; 0         ; 0         ; 0           ; 0          ; 0          ; 0         ; 0          ; 0          ; 0         ; 0          ; 0         ; 0          ; 0          ; 0          ; 0          ; 0         ; 0          ; 0         ; 0          ; 0         ; 0         ; 0           ; 0           ; 0            ;
; state.busca  ; 0         ; 0         ; 0         ; 0         ; 0         ; 0           ; 0          ; 0          ; 0         ; 0          ; 0          ; 0         ; 0          ; 0         ; 0          ; 0          ; 0          ; 0          ; 0         ; 0          ; 0         ; 0          ; 0         ; 0         ; 0           ; 1           ; 1            ;
; state.decod  ; 0         ; 0         ; 0         ; 0         ; 0         ; 0           ; 0          ; 0          ; 0         ; 0          ; 0          ; 0         ; 0          ; 0         ; 0          ; 0          ; 0          ; 0          ; 0         ; 0          ; 0         ; 0          ; 0         ; 0         ; 1           ; 0           ; 1            ;
; state.ADD    ; 0         ; 0         ; 0         ; 0         ; 0         ; 0           ; 0          ; 0          ; 0         ; 0          ; 0          ; 0         ; 0          ; 0         ; 0          ; 0          ; 0          ; 0          ; 0         ; 0          ; 0         ; 0          ; 0         ; 1         ; 0           ; 0           ; 1            ;
; state.SUB    ; 0         ; 0         ; 0         ; 0         ; 0         ; 0           ; 0          ; 0          ; 0         ; 0          ; 0          ; 0         ; 0          ; 0         ; 0          ; 0          ; 0          ; 0          ; 0         ; 0          ; 0         ; 0          ; 1         ; 0         ; 0           ; 0           ; 1            ;
; state.ANDD   ; 0         ; 0         ; 0         ; 0         ; 0         ; 0           ; 0          ; 0          ; 0         ; 0          ; 0          ; 0         ; 0          ; 0         ; 0          ; 0          ; 0          ; 0          ; 0         ; 0          ; 0         ; 1          ; 0         ; 0         ; 0           ; 0           ; 1            ;
; state.ORR    ; 0         ; 0         ; 0         ; 0         ; 0         ; 0           ; 0          ; 0          ; 0         ; 0          ; 0          ; 0         ; 0          ; 0         ; 0          ; 0          ; 0          ; 0          ; 0         ; 0          ; 1         ; 0          ; 0         ; 0         ; 0           ; 0           ; 1            ;
; state.XORR   ; 0         ; 0         ; 0         ; 0         ; 0         ; 0           ; 0          ; 0          ; 0         ; 0          ; 0          ; 0         ; 0          ; 0         ; 0          ; 0          ; 0          ; 0          ; 0         ; 1          ; 0         ; 0          ; 0         ; 0         ; 0           ; 0           ; 1            ;
; state.CMP    ; 0         ; 0         ; 0         ; 0         ; 0         ; 0           ; 0          ; 0          ; 0         ; 0          ; 0          ; 0         ; 0          ; 0         ; 0          ; 0          ; 0          ; 0          ; 1         ; 0          ; 0         ; 0          ; 0         ; 0         ; 0           ; 0           ; 1            ;
; state.CMPU   ; 0         ; 0         ; 0         ; 0         ; 0         ; 0           ; 0          ; 0          ; 0         ; 0          ; 0          ; 0         ; 0          ; 0         ; 0          ; 0          ; 0          ; 1          ; 0         ; 0          ; 0         ; 0          ; 0         ; 0         ; 0           ; 0           ; 1            ;
; state.SLLL   ; 0         ; 0         ; 0         ; 0         ; 0         ; 0           ; 0          ; 0          ; 0         ; 0          ; 0          ; 0         ; 0          ; 0         ; 0          ; 0          ; 1          ; 0          ; 0         ; 0          ; 0         ; 0          ; 0         ; 0         ; 0           ; 0           ; 1            ;
; state.SLRR   ; 0         ; 0         ; 0         ; 0         ; 0         ; 0           ; 0          ; 0          ; 0         ; 0          ; 0          ; 0         ; 0          ; 0         ; 0          ; 1          ; 0          ; 0          ; 0         ; 0          ; 0         ; 0          ; 0         ; 0         ; 0           ; 0           ; 1            ;
; state.SLAA   ; 0         ; 0         ; 0         ; 0         ; 0         ; 0           ; 0          ; 0          ; 0         ; 0          ; 0          ; 0         ; 0          ; 0         ; 1          ; 0          ; 0          ; 0          ; 0         ; 0          ; 0         ; 0          ; 0         ; 0         ; 0           ; 0           ; 1            ;
; state.INN    ; 0         ; 0         ; 0         ; 0         ; 0         ; 0           ; 0          ; 0          ; 0         ; 0          ; 0          ; 0         ; 0          ; 1         ; 0          ; 0          ; 0          ; 0          ; 0         ; 0          ; 0         ; 0          ; 0         ; 0         ; 0           ; 0           ; 1            ;
; state.OUTT   ; 0         ; 0         ; 0         ; 0         ; 0         ; 0           ; 0          ; 0          ; 0         ; 0          ; 0          ; 0         ; 1          ; 0         ; 0          ; 0          ; 0          ; 0          ; 0         ; 0          ; 0         ; 0          ; 0         ; 0         ; 0           ; 0           ; 1            ;
; state.MOV    ; 0         ; 0         ; 0         ; 0         ; 0         ; 0           ; 0          ; 0          ; 0         ; 0          ; 0          ; 1         ; 0          ; 0         ; 0          ; 0          ; 0          ; 0          ; 0         ; 0          ; 0         ; 0          ; 0         ; 0         ; 0           ; 0           ; 1            ;
; state.ADDI   ; 0         ; 0         ; 0         ; 0         ; 0         ; 0           ; 0          ; 0          ; 0         ; 0          ; 1          ; 0         ; 0          ; 0         ; 0          ; 0          ; 0          ; 0          ; 0         ; 0          ; 0         ; 0          ; 0         ; 0         ; 0           ; 0           ; 1            ;
; state.ANDI   ; 0         ; 0         ; 0         ; 0         ; 0         ; 0           ; 0          ; 0          ; 0         ; 1          ; 0          ; 0         ; 0          ; 0         ; 0          ; 0          ; 0          ; 0          ; 0         ; 0          ; 0         ; 0          ; 0         ; 0         ; 0           ; 0           ; 1            ;
; state.ORI    ; 0         ; 0         ; 0         ; 0         ; 0         ; 0           ; 0          ; 0          ; 1         ; 0          ; 0          ; 0         ; 0          ; 0         ; 0          ; 0          ; 0          ; 0          ; 0         ; 0          ; 0         ; 0          ; 0         ; 0         ; 0           ; 0           ; 1            ;
; state.XORI   ; 0         ; 0         ; 0         ; 0         ; 0         ; 0           ; 0          ; 1          ; 0         ; 0          ; 0          ; 0         ; 0          ; 0         ; 0          ; 0          ; 0          ; 0          ; 0         ; 0          ; 0         ; 0          ; 0         ; 0         ; 0           ; 0           ; 1            ;
; state.LOAD   ; 0         ; 0         ; 0         ; 0         ; 0         ; 0           ; 1          ; 0          ; 0         ; 0          ; 0          ; 0         ; 0          ; 0         ; 0          ; 0          ; 0          ; 0          ; 0         ; 0          ; 0         ; 0          ; 0         ; 0         ; 0           ; 0           ; 1            ;
; state.STORE  ; 0         ; 0         ; 0         ; 0         ; 0         ; 1           ; 0          ; 0          ; 0         ; 0          ; 0          ; 0         ; 0          ; 0         ; 0          ; 0          ; 0          ; 0          ; 0         ; 0          ; 0         ; 0          ; 0         ; 0         ; 0           ; 0           ; 1            ;
; state.JMP    ; 0         ; 0         ; 0         ; 0         ; 1         ; 0           ; 0          ; 0          ; 0         ; 0          ; 0          ; 0         ; 0          ; 0         ; 0          ; 0          ; 0          ; 0          ; 0         ; 0          ; 0         ; 0          ; 0         ; 0         ; 0           ; 0           ; 1            ;
; state.RET    ; 0         ; 0         ; 0         ; 1         ; 0         ; 0           ; 0          ; 0          ; 0         ; 0          ; 0          ; 0         ; 0          ; 0         ; 0          ; 0          ; 0          ; 0          ; 0         ; 0          ; 0         ; 0          ; 0         ; 0         ; 0           ; 0           ; 1            ;
; state.BEQ    ; 0         ; 0         ; 1         ; 0         ; 0         ; 0           ; 0          ; 0          ; 0         ; 0          ; 0          ; 0         ; 0          ; 0         ; 0          ; 0          ; 0          ; 0          ; 0         ; 0          ; 0         ; 0          ; 0         ; 0         ; 0           ; 0           ; 1            ;
; state.BLT    ; 0         ; 1         ; 0         ; 0         ; 0         ; 0           ; 0          ; 0          ; 0         ; 0          ; 0          ; 0         ; 0          ; 0         ; 0          ; 0          ; 0          ; 0          ; 0         ; 0          ; 0         ; 0          ; 0         ; 0         ; 0           ; 0           ; 1            ;
; state.BHT    ; 1         ; 0         ; 0         ; 0         ; 0         ; 0           ; 0          ; 0          ; 0         ; 0          ; 0          ; 0         ; 0          ; 0         ; 0          ; 0          ; 0          ; 0          ; 0         ; 0          ; 0         ; 0          ; 0         ; 0         ; 0           ; 0           ; 1            ;
+--------------+-----------+-----------+-----------+-----------+-----------+-------------+------------+------------+-----------+------------+------------+-----------+------------+-----------+------------+------------+------------+------------+-----------+------------+-----------+------------+-----------+-----------+-------------+-------------+--------------+


+----------------------------------------------------------------------------------------------------+
; User-Specified and Inferred Latches                                                                ;
+-----------------------------------------------------+---------------------+------------------------+
; Latch Name                                          ; Latch Enable Signal ; Free of Timing Hazards ;
+-----------------------------------------------------+---------------------+------------------------+
; PC_fC$latch                                         ; WideOr3             ; yes                    ;
; PC_ldC$latch                                        ; PC_ldC              ; yes                    ;
; PC_clrC$latch                                       ; WideOr0             ; yes                    ;
; IR_ldC$latch                                        ; WideOr0             ; yes                    ;
; RO1_ldC$latch                                       ; WideOr0             ; yes                    ;
; RO2_ldC$latch                                       ; WideOr0             ; yes                    ;
; RI1_ldC$latch                                       ; WideOr0             ; yes                    ;
; flg_ldC$latch                                       ; WideOr0             ; yes                    ;
; RI2_ldC$latch                                       ; WideOr0             ; yes                    ;
; R3_ldC$latch                                        ; WideOr6             ; yes                    ;
; R1_ldC$latch                                        ; WideOr6             ; yes                    ;
; R2_ldC$latch                                        ; WideOr6             ; yes                    ;
; Mux_1sC[0]$latch                                    ; WideOr19            ; yes                    ;
; Mux_1sC[1]$latch                                    ; WideOr19            ; yes                    ;
; Mux_2sC[0]$latch                                    ; WideOr16            ; yes                    ;
; Mux_2sC[1]$latch                                    ; WideOr16            ; yes                    ;
; Mux_3sC[0]$latch                                    ; WideOr14            ; yes                    ;
; Mux_3sC[1]$latch                                    ; WideOr14            ; yes                    ;
; ALU_sC[0]$latch                                     ; WideOr16            ; yes                    ;
; ALU_sC[1]$latch                                     ; WideOr16            ; yes                    ;
; ALU_sC[2]$latch                                     ; WideOr16            ; yes                    ;
; ALU_sC[3]$latch                                     ; WideOr16            ; yes                    ;
; outG1$latch                                         ; WideOr13            ; yes                    ;
; s[0]$latch                                          ; WideOr0             ; yes                    ;
; s[1]$latch                                          ; WideOr0             ; yes                    ;
; Number of user-specified and inferred latches = 25  ;                     ;                        ;
+-----------------------------------------------------+---------------------+------------------------+
Note: All latches listed above may not be present at the end of synthesis due to various synthesis optimizations.


+------------------------------------------------------+
; General Register Statistics                          ;
+----------------------------------------------+-------+
; Statistic                                    ; Value ;
+----------------------------------------------+-------+
; Total registers                              ; 27    ;
; Number of registers using Synchronous Clear  ; 0     ;
; Number of registers using Synchronous Load   ; 0     ;
; Number of registers using Asynchronous Clear ; 27    ;
; Number of registers using Asynchronous Load  ; 0     ;
; Number of registers using Clock Enable       ; 0     ;
; Number of registers using Preset             ; 0     ;
+----------------------------------------------+-------+


+------------------------------------------------------------------------------------------------------------------------------------------+
; Multiplexer Restructuring Statistics (Restructuring Performed)                                                                           ;
+--------------------+-----------+---------------+----------------------+------------------------+------------+----------------------------+
; Multiplexer Inputs ; Bus Width ; Baseline Area ; Area if Restructured ; Saving if Restructured ; Registered ; Example Multiplexer Output ;
+--------------------+-----------+---------------+----------------------+------------------------+------------+----------------------------+
; 3:1                ; 4 bits    ; 8 LEs         ; 4 LEs                ; 4 LEs                  ; No         ; |controlador|state         ;
; 3:1                ; 4 bits    ; 8 LEs         ; 4 LEs                ; 4 LEs                  ; No         ; |controlador|state         ;
; 3:1                ; 3 bits    ; 6 LEs         ; 3 LEs                ; 3 LEs                  ; No         ; |controlador|state         ;
; 3:1                ; 13 bits   ; 26 LEs        ; 13 LEs               ; 13 LEs                 ; No         ; |controlador|state         ;
; 4:1                ; 2 bits    ; 4 LEs         ; 4 LEs                ; 0 LEs                  ; No         ; |controlador|Selector2     ;
; 4:1                ; 2 bits    ; 4 LEs         ; 4 LEs                ; 0 LEs                  ; No         ; |controlador|Selector5     ;
; 15:1               ; 3 bits    ; 30 LEs        ; 6 LEs                ; 24 LEs                 ; No         ; |controlador|Selector33    ;
+--------------------+-----------+---------------+----------------------+------------------------+------------+----------------------------+


+-------------------------------+
; Elapsed Time Per Partition    ;
+----------------+--------------+
; Partition Name ; Elapsed Time ;
+----------------+--------------+
; Top            ; 00:00:00     ;
+----------------+--------------+


+-------------------------------+
; Analysis & Synthesis Messages ;
+-------------------------------+
Info: *******************************************************************
Info: Running Quartus II 64-Bit Analysis & Synthesis
    Info: Version 13.0.0 Build 156 04/24/2013 SJ Web Edition
    Info: Processing started: Tue Nov 19 21:04:19 2019
Info: Command: quartus_map --read_settings_files=on --write_settings_files=off controlador -c controlador
Warning (20028): Parallel compilation is not licensed and has been disabled
Info (12021): Found 2 design units, including 1 entities, in source file /altera/13.0/microprojeto-20191113t132353z-001/microprojeto/mux4x1/mux4x1.vhd
    Info (12022): Found design unit 1: mux4x1-arq_mux4x1
    Info (12023): Found entity 1: mux4x1
Info (12021): Found 2 design units, including 1 entities, in source file /altera/13.0/microprojeto-20191113t132353z-001/microprojeto/memdados.vhd
    Info (12022): Found design unit 1: memdados-SYN
    Info (12023): Found entity 1: memdados
Info (12021): Found 2 design units, including 1 entities, in source file /altera/13.0/microprojeto-20191113t132353z-001/microprojeto/som_sub_unsig/som_sub_unsig.vhd
    Info (12022): Found design unit 1: som_sub_unsig-arq_som_sub_unsig
    Info (12023): Found entity 1: som_sub_unsig
Info (12021): Found 2 design units, including 1 entities, in source file /altera/13.0/microprojeto-20191113t132353z-001/microprojeto/som_sub_sig/som_sub_sig.vhd
    Info (12022): Found design unit 1: som_sub_sig-arq_som_sub_sig
    Info (12023): Found entity 1: som_sub_sig
Info (12021): Found 2 design units, including 1 entities, in source file /altera/13.0/microprojeto-20191113t132353z-001/microprojeto/reg16/reg16.vhd
    Info (12022): Found design unit 1: reg16-arq_reg16
    Info (12023): Found entity 1: reg16
Info (12021): Found 2 design units, including 1 entities, in source file /altera/13.0/microprojeto-20191113t132353z-001/microprojeto/reg11/reg11.vhd
    Info (12022): Found design unit 1: reg11-arq_reg11
    Info (12023): Found entity 1: reg11
Info (12021): Found 2 design units, including 1 entities, in source file /altera/13.0/microprojeto-20191113t132353z-001/microprojeto/reg8/reg8.vhd
    Info (12022): Found design unit 1: reg8-arq_reg8
    Info (12023): Found entity 1: reg8
Info (12021): Found 2 design units, including 1 entities, in source file /altera/13.0/microprojeto-20191113t132353z-001/microprojeto/reg2/reg2.vhd
    Info (12022): Found design unit 1: reg2-arq_reg2
    Info (12023): Found entity 1: reg2
Info (12021): Found 2 design units, including 1 entities, in source file /altera/13.0/microprojeto-20191113t132353z-001/microprojeto/pc/pc.vhd
    Info (12022): Found design unit 1: PC-arq_PC
    Info (12023): Found entity 1: PC
Info (12021): Found 2 design units, including 1 entities, in source file /altera/13.0/microprojeto-20191113t132353z-001/microprojeto/memprog/memprog.vhd
    Info (12022): Found design unit 1: memprog-SYN
    Info (12023): Found entity 1: memprog
Info (12021): Found 1 design units, including 0 entities, in source file /altera/13.0/microprojeto-20191113t132353z-001/microprojeto/datapath/dpcomp.vhd
    Info (12022): Found design unit 1: DPComp
Info (12021): Found 2 design units, including 1 entities, in source file /altera/13.0/microprojeto-20191113t132353z-001/microprojeto/datapath/datapath.vhd
    Info (12022): Found design unit 1: datapath-arqDP
    Info (12023): Found entity 1: datapath
Info (12021): Found 2 design units, including 1 entities, in source file /altera/13.0/microprojeto-20191113t132353z-001/microprojeto/compu8/compu8.vhd
    Info (12022): Found design unit 1: compU8-arq_compU8
    Info (12023): Found entity 1: compU8
Info (12021): Found 2 design units, including 1 entities, in source file /altera/13.0/microprojeto-20191113t132353z-001/microprojeto/comp8/comp8.vhd
    Info (12022): Found design unit 1: comp8-arq_comp8
    Info (12023): Found entity 1: comp8
Info (12021): Found 1 design units, including 0 entities, in source file /altera/13.0/microprojeto-20191113t132353z-001/microprojeto/alu/alu_components.vhd
    Info (12022): Found design unit 1: alu_components
Info (12021): Found 2 design units, including 1 entities, in source file /altera/13.0/microprojeto-20191113t132353z-001/microprojeto/alu/alu.vhd
    Info (12022): Found design unit 1: alu-arqALU
    Info (12023): Found entity 1: alu
Info (12021): Found 2 design units, including 1 entities, in source file controlador.vhd
    Info (12022): Found design unit 1: controlador-arq_controlador
    Info (12023): Found entity 1: controlador
Info (12127): Elaborating entity "controlador" for the top level hierarchy
Warning (10541): VHDL Signal Declaration warning at controlador.vhd(19): used implicit default value for signal "MD_rwC" because signal was never assigned a value or an explicit default value. Use of implicit default value may introduce unintended design optimizations.
Warning (10541): VHDL Signal Declaration warning at controlador.vhd(19): used implicit default value for signal "IR_clrC" because signal was never assigned a value or an explicit default value. Use of implicit default value may introduce unintended design optimizations.
Warning (10492): VHDL Process Statement warning at controlador.vhd(761): signal "CompOutExtC" is read inside the Process Statement but isn't in the Process Statement's sensitivity list
Warning (10631): VHDL Process Statement warning at controlador.vhd(143): inferring latch(es) for signal or variable "PC_clrC", which holds its previous value in one or more paths through the process
Warning (10631): VHDL Process Statement warning at controlador.vhd(143): inferring latch(es) for signal or variable "PC_fC", which holds its previous value in one or more paths through the process
Warning (10631): VHDL Process Statement warning at controlador.vhd(143): inferring latch(es) for signal or variable "IR_ldC", which holds its previous value in one or more paths through the process
Warning (10631): VHDL Process Statement warning at controlador.vhd(143): inferring latch(es) for signal or variable "R1_ldC", which holds its previous value in one or more paths through the process
Warning (10631): VHDL Process Statement warning at controlador.vhd(143): inferring latch(es) for signal or variable "R2_ldC", which holds its previous value in one or more paths through the process
Warning (10631): VHDL Process Statement warning at controlador.vhd(143): inferring latch(es) for signal or variable "R3_ldC", which holds its previous value in one or more paths through the process
Warning (10631): VHDL Process Statement warning at controlador.vhd(143): inferring latch(es) for signal or variable "RI1_ldC", which holds its previous value in one or more paths through the process
Warning (10631): VHDL Process Statement warning at controlador.vhd(143): inferring latch(es) for signal or variable "RI2_ldC", which holds its previous value in one or more paths through the process
Warning (10631): VHDL Process Statement warning at controlador.vhd(143): inferring latch(es) for signal or variable "RO1_ldC", which holds its previous value in one or more paths through the process
Warning (10631): VHDL Process Statement warning at controlador.vhd(143): inferring latch(es) for signal or variable "RO2_ldC", which holds its previous value in one or more paths through the process
Warning (10631): VHDL Process Statement warning at controlador.vhd(143): inferring latch(es) for signal or variable "flg_ldC", which holds its previous value in one or more paths through the process
Warning (10631): VHDL Process Statement warning at controlador.vhd(143): inferring latch(es) for signal or variable "s", which holds its previous value in one or more paths through the process
Warning (10631): VHDL Process Statement warning at controlador.vhd(143): inferring latch(es) for signal or variable "PC_ldC", which holds its previous value in one or more paths through the process
Warning (10631): VHDL Process Statement warning at controlador.vhd(143): inferring latch(es) for signal or variable "outG1", which holds its previous value in one or more paths through the process
Warning (10631): VHDL Process Statement warning at controlador.vhd(143): inferring latch(es) for signal or variable "Mux_3sC", which holds its previous value in one or more paths through the process
Warning (10631): VHDL Process Statement warning at controlador.vhd(143): inferring latch(es) for signal or variable "Mux_2sC", which holds its previous value in one or more paths through the process
Warning (10631): VHDL Process Statement warning at controlador.vhd(143): inferring latch(es) for signal or variable "Mux_1sC", which holds its previous value in one or more paths through the process
Warning (10631): VHDL Process Statement warning at controlador.vhd(143): inferring latch(es) for signal or variable "ALU_sC", which holds its previous value in one or more paths through the process
Info (10041): Inferred latch for "ALU_sC[0]" at controlador.vhd(143)
Info (10041): Inferred latch for "ALU_sC[1]" at controlador.vhd(143)
Info (10041): Inferred latch for "ALU_sC[2]" at controlador.vhd(143)
Info (10041): Inferred latch for "ALU_sC[3]" at controlador.vhd(143)
Info (10041): Inferred latch for "Mux_1sC[0]" at controlador.vhd(143)
Info (10041): Inferred latch for "Mux_1sC[1]" at controlador.vhd(143)
Info (10041): Inferred latch for "Mux_2sC[0]" at controlador.vhd(143)
Info (10041): Inferred latch for "Mux_2sC[1]" at controlador.vhd(143)
Info (10041): Inferred latch for "Mux_3sC[0]" at controlador.vhd(143)
Info (10041): Inferred latch for "Mux_3sC[1]" at controlador.vhd(143)
Info (10041): Inferred latch for "outG1" at controlador.vhd(143)
Info (10041): Inferred latch for "PC_ldC" at controlador.vhd(143)
Info (10041): Inferred latch for "s[0]" at controlador.vhd(143)
Info (10041): Inferred latch for "s[1]" at controlador.vhd(143)
Info (10041): Inferred latch for "flg_ldC" at controlador.vhd(143)
Info (10041): Inferred latch for "RO2_ldC" at controlador.vhd(143)
Info (10041): Inferred latch for "RO1_ldC" at controlador.vhd(143)
Info (10041): Inferred latch for "RI2_ldC" at controlador.vhd(143)
Info (10041): Inferred latch for "RI1_ldC" at controlador.vhd(143)
Info (10041): Inferred latch for "R3_ldC" at controlador.vhd(143)
Info (10041): Inferred latch for "R2_ldC" at controlador.vhd(143)
Info (10041): Inferred latch for "R1_ldC" at controlador.vhd(143)
Info (10041): Inferred latch for "IR_ldC" at controlador.vhd(143)
Info (10041): Inferred latch for "PC_fC" at controlador.vhd(143)
Info (10041): Inferred latch for "PC_clrC" at controlador.vhd(143)
Warning (13012): Latch PC_ldC$latch has unsafe behavior
    Warning (13013): Ports D and ENA on the latch are fed by the same signal state.inicio
Warning (13012): Latch outG1$latch has unsafe behavior
    Warning (13013): Ports D and ENA on the latch are fed by the same signal state.JMP
Warning (13012): Latch s[0]$latch has unsafe behavior
    Warning (13013): Ports D and ENA on the latch are fed by the same signal state.LOAD
Warning (13012): Latch s[1]$latch has unsafe behavior
    Warning (13013): Ports D and ENA on the latch are fed by the same signal state.LOAD
Warning (13024): Output pins are stuck at VCC or GND
    Warning (13410): Pin "MD_rwC" is stuck at GND
    Warning (13410): Pin "IR_clrC" is stuck at GND
Info (16010): Generating hard_block partition "hard_block:auto_generated_inst"
    Info (16011): Adding 0 node(s), including 0 DDIO, 0 PLL, 0 transceiver and 0 LCELL
Warning (21074): Design contains 4 input pin(s) that do not drive logic
    Warning (15610): No output dependent on input pin "instruction[0]"
    Warning (15610): No output dependent on input pin "instruction[1]"
    Warning (15610): No output dependent on input pin "instruction[2]"
    Warning (15610): No output dependent on input pin "instruction[3]"
Info (21057): Implemented 168 device resources after synthesis - the final resource count might be different
    Info (21058): Implemented 26 input pins
    Info (21059): Implemented 27 output pins
    Info (21061): Implemented 115 logic cells
Info: Quartus II 64-Bit Analysis & Synthesis was successful. 0 errors, 38 warnings
    Info: Peak virtual memory: 4668 megabytes
    Info: Processing ended: Tue Nov 19 21:04:22 2019
    Info: Elapsed time: 00:00:03
    Info: Total CPU time (on all processors): 00:00:02


