MIF/HEX Update report for micro
Mon Dec 09 10:57:23 2019
Quartus II 64-Bit Version 13.0.0 Build 156 04/24/2013 SJ Web Edition


---------------------
; Table of Contents ;
---------------------
  1. Legal Notice
  2. MIF/HEX Update Summary
  3. MIF/HEX Update Processed Files
  4. MIF/HEX Update Messages



----------------
; Legal Notice ;
----------------
Copyright (C) 1991-2013 Altera Corporation
Your use of Altera Corporation's design tools, logic functions 
and other software and tools, and its AMPP partner logic 
functions, and any output files from any of the foregoing 
(including device programming or simulation files), and any 
associated documentation or information are expressly subject 
to the terms and conditions of the Altera Program License 
Subscription Agreement, Altera MegaCore Function License 
Agreement, or other applicable license agreement, including, 
without limitation, that your use is for the sole purpose of 
programming logic devices manufactured by Altera and sold by 
Altera or its authorized distributors.  Please refer to the 
applicable agreement for further details.



+-----------------------------------------------------------+
; MIF/HEX Update Summary                                    ;
+-----------------------+-----------------------------------+
; MIF/HEX Update Status ; Failed - Mon Dec 09 10:57:23 2019 ;
; Revision Name         ; micro                             ;
; Top-level Entity Name ; micro                             ;
; Family                ; Cyclone II                        ;
; Device                ; EP2C35F672C6                      ;
+-----------------------+-----------------------------------+


+--------------------------------+
; MIF/HEX Update Processed Files ;
+--------------------------------+
; File Name                      ;
+--------------------------------+


+-------------------------+
; MIF/HEX Update Messages ;
+-------------------------+
Info: *******************************************************************
Info: Running Quartus II 64-Bit MIF/HEX Update
    Info: Version 13.0.0 Build 156 04/24/2013 SJ Web Edition
    Info: Processing started: Mon Dec 09 10:57:22 2019
Info: Command: quartus_cdb micro -c micro --update_mif
Error (39022): Found no valid Memory Initialization File to process
Error: Quartus II 64-Bit MIF/HEX Update was unsuccessful. 1 error, 0 warnings
    Error: Peak virtual memory: 4623 megabytes
    Error: Processing ended: Mon Dec 09 10:57:23 2019
    Error: Elapsed time: 00:00:01
    Error: Total CPU time (on all processors): 00:00:01


